This is pdfTeX, Version 3.141592653-2.6-1.40.25 (MiKTeX 24.1) (preloaded format=pdflatex 2024.3.31)  9 MAY 2024 16:26
entering extended mode
 restricted \write18 enabled.
 file:line:error style messages enabled.
 %&-line parsing enabled.
**c:/harvard/capstone/synthetic/doc/synthetic.tex
(c:/harvard/capstone/synthetic/doc/synthetic.tex
LaTeX2e <2023-11-01> patch level 1
L3 programming layer <2024-01-04>
(c:\miktex\tex/latex/base\article.cls
Document Class: article 2023/05/17 v1.4n Standard LaTeX document class
(c:\miktex\tex/latex/base\size10.clo
File: size10.clo 2023/05/17 v1.4n Standard LaTeX file (size option)
)
\c@part=\count187
\c@section=\count188
\c@subsection=\count189
\c@subsubsection=\count190
\c@paragraph=\count191
\c@subparagraph=\count192
\c@figure=\count193
\c@table=\count194
\abovecaptionskip=\skip48
\belowcaptionskip=\skip49
\bibindent=\dimen140
) (c:\miktex\tex/latex/listings\listings.sty (c:\miktex\tex/latex/graphics\keyval.sty
Package: keyval 2022/05/29 v1.15 key=value parser (DPC)
\KV@toks@=\toks17
)
\lst@mode=\count195
\lst@gtempboxa=\box51
\lst@token=\toks18
\lst@length=\count196
\lst@currlwidth=\dimen141
\lst@column=\count197
\lst@pos=\count198
\lst@lostspace=\dimen142
\lst@width=\dimen143
\lst@newlines=\count199
\lst@lineno=\count266
\lst@maxwidth=\dimen144
 (c:\miktex\tex/latex/listings\lstmisc.sty
File: lstmisc.sty 2023/02/27 1.9 (Carsten Heinz)
\c@lstnumber=\count267
\lst@skipnumbers=\count268
\lst@framebox=\box52
) (c:\miktex\tex/latex/listings\listings.cfg
File: listings.cfg 2023/02/27 1.9 listings configuration
))
Package: listings 2023/02/27 1.9 (Carsten Heinz)
 (c:\miktex\tex/latex/graphics\graphicx.sty
Package: graphicx 2021/09/16 v1.2d Enhanced LaTeX Graphics (DPC,SPQR)
 (c:\miktex\tex/latex/graphics\graphics.sty
Package: graphics 2022/03/10 v1.4e Standard LaTeX Graphics (DPC,SPQR)
 (c:\miktex\tex/latex/graphics\trig.sty
Package: trig 2021/08/11 v1.11 sin cos tan (DPC)
) (c:\miktex\tex/latex/graphics-cfg\graphics.cfg
File: graphics.cfg 2016/06/04 v1.11 sample graphics configuration
)
Package graphics Info: Driver file: pdftex.def on input line 107.
 (c:\miktex\tex/latex/graphics-def\pdftex.def
File: pdftex.def 2022/09/22 v1.2b Graphics/color driver for pdftex
))
\Gin@req@height=\dimen145
\Gin@req@width=\dimen146
) (c:\miktex\tex/latex/hyperref\hyperref.sty
Package: hyperref 2023-11-26 v7.01g Hypertext links for LaTeX
 (c:\miktex\tex/generic/iftex\iftex.sty
Package: iftex 2022/02/03 v1.0f TeX engine tests
) (c:\miktex\tex/generic/infwarerr\infwarerr.sty
Package: infwarerr 2019/12/03 v1.5 Providing info/warning/error messages (HO)
) (c:\miktex\tex/latex/kvsetkeys\kvsetkeys.sty
Package: kvsetkeys 2022-10-05 v1.19 Key value parser (HO)
) (c:\miktex\tex/generic/kvdefinekeys\kvdefinekeys.sty
Package: kvdefinekeys 2019-12-19 v1.6 Define keys (HO)
) (c:\miktex\tex/generic/pdfescape\pdfescape.sty
Package: pdfescape 2019/12/09 v1.15 Implements pdfTeX's escape features (HO)
 (c:\miktex\tex/generic/ltxcmds\ltxcmds.sty
Package: ltxcmds 2023-12-04 v1.26 LaTeX kernel commands for general use (HO)
) (c:\miktex\tex/generic/pdftexcmds\pdftexcmds.sty
Package: pdftexcmds 2020-06-27 v0.33 Utility functions of pdfTeX for LuaTeX (HO)
Package pdftexcmds Info: \pdf@primitive is available.
Package pdftexcmds Info: \pdf@ifprimitive is available.
Package pdftexcmds Info: \pdfdraftmode found.
)) (c:\miktex\tex/latex/hycolor\hycolor.sty
Package: hycolor 2020-01-27 v1.10 Color options for hyperref/bookmark (HO)
) (c:\miktex\tex/latex/letltxmacro\letltxmacro.sty
Package: letltxmacro 2019/12/03 v1.6 Let assignment for LaTeX macros (HO)
) (c:\miktex\tex/latex/auxhook\auxhook.sty
Package: auxhook 2019-12-17 v1.6 Hooks for auxiliary files (HO)
) (c:\miktex\tex/latex/hyperref\nameref.sty
Package: nameref 2023-11-26 v2.56 Cross-referencing by name of section
 (c:\miktex\tex/latex/refcount\refcount.sty
Package: refcount 2019/12/15 v3.6 Data extraction from label references (HO)
) (c:\miktex\tex/generic/gettitlestring\gettitlestring.sty
Package: gettitlestring 2019/12/15 v1.6 Cleanup title references (HO)
 (c:\miktex\tex/latex/kvoptions\kvoptions.sty
Package: kvoptions 2022-06-15 v3.15 Key value format for package options (HO)
))
\c@section@level=\count269
) (c:\miktex\tex/latex/etoolbox\etoolbox.sty
Package: etoolbox 2020/10/05 v2.5k e-TeX tools for LaTeX (JAW)
\etb@tempcnta=\count270
)
\@linkdim=\dimen147
\Hy@linkcounter=\count271
\Hy@pagecounter=\count272
 (c:\miktex\tex/latex/hyperref\pd1enc.def
File: pd1enc.def 2023-11-26 v7.01g Hyperref: PDFDocEncoding definition (HO)
Now handling font encoding PD1 ...
... no UTF-8 mapping file for font encoding PD1
) (c:\miktex\tex/generic/intcalc\intcalc.sty
Package: intcalc 2019/12/15 v1.3 Expandable calculations with integers (HO)
)
\Hy@SavedSpaceFactor=\count273
 (c:\miktex\tex/latex/hyperref\puenc.def
File: puenc.def 2023-11-26 v7.01g Hyperref: PDF Unicode definition (HO)
Now handling font encoding PU ...
... no UTF-8 mapping file for font encoding PU
)
Package hyperref Info: Hyper figures OFF on input line 4181.
Package hyperref Info: Link nesting OFF on input line 4186.
Package hyperref Info: Hyper index ON on input line 4189.
Package hyperref Info: Plain pages OFF on input line 4196.
Package hyperref Info: Backreferencing OFF on input line 4201.
Package hyperref Info: Implicit mode ON; LaTeX internals redefined.
Package hyperref Info: Bookmarks ON on input line 4448.
\c@Hy@tempcnt=\count274
 (c:\miktex\tex/latex/url\url.sty
\Urlmuskip=\muskip16
Package: url 2013/09/16  ver 3.4  Verb mode for urls, etc.
)
LaTeX Info: Redefining \url on input line 4786.
\XeTeXLinkMargin=\dimen148
 (c:\miktex\tex/generic/bitset\bitset.sty
Package: bitset 2019/12/09 v1.3 Handle bit-vector datatype (HO)
 (c:\miktex\tex/generic/bigintcalc\bigintcalc.sty
Package: bigintcalc 2019/12/15 v1.5 Expandable calculations on big integers (HO)
))
\Fld@menulength=\count275
\Field@Width=\dimen149
\Fld@charsize=\dimen150
Package hyperref Info: Hyper figures OFF on input line 6065.
Package hyperref Info: Link nesting OFF on input line 6070.
Package hyperref Info: Hyper index ON on input line 6073.
Package hyperref Info: backreferencing OFF on input line 6080.
Package hyperref Info: Link coloring OFF on input line 6085.
Package hyperref Info: Link coloring with OCG OFF on input line 6090.
Package hyperref Info: PDF/A mode OFF on input line 6095.
 (c:\miktex\tex/latex/base\atbegshi-ltx.sty
Package: atbegshi-ltx 2021/01/10 v1.0c Emulation of the original atbegshi
package with kernel methods
)
\Hy@abspage=\count276
\c@Item=\count277
\c@Hfootnote=\count278
)
Package hyperref Info: Driver (autodetected): hpdftex.
 (c:\miktex\tex/latex/hyperref\hpdftex.def
File: hpdftex.def 2023-11-26 v7.01g Hyperref driver for pdfTeX
 (c:\miktex\tex/latex/base\atveryend-ltx.sty
Package: atveryend-ltx 2020/08/19 v1.0a Emulation of the original atveryend package
with kernel methods
)
\Fld@listcount=\count279
\c@bookmark@seq@number=\count280
 (c:\miktex\tex/latex/rerunfilecheck\rerunfilecheck.sty
Package: rerunfilecheck 2022-07-10 v1.10 Rerun checks for auxiliary files (HO)
 (c:\miktex\tex/generic/uniquecounter\uniquecounter.sty
Package: uniquecounter 2019/12/15 v1.4 Provide unlimited unique counter (HO)
)
Package uniquecounter Info: New unique counter `rerunfilecheck' on input line 285.
)
\Hy@SectionHShift=\skip50
) (c:\miktex\tex/latex/xcolor\xcolor.sty
Package: xcolor 2023/11/15 v3.01 LaTeX color extensions (UK)
 (c:\miktex\tex/latex/graphics-cfg\color.cfg
File: color.cfg 2016/01/02 v1.6 sample color configuration
)
Package xcolor Info: Driver file: pdftex.def on input line 274.
 (c:\miktex\tex/latex/graphics\mathcolor.ltx)
Package xcolor Info: Model `cmy' substituted by `cmy0' on input line 1350.
Package xcolor Info: Model `hsb' substituted by `rgb' on input line 1354.
Package xcolor Info: Model `RGB' extended on input line 1366.
Package xcolor Info: Model `HTML' substituted by `rgb' on input line 1368.
Package xcolor Info: Model `Hsb' substituted by `hsb' on input line 1369.
Package xcolor Info: Model `tHsb' substituted by `hsb' on input line 1370.
Package xcolor Info: Model `HSB' substituted by `hsb' on input line 1371.
Package xcolor Info: Model `Gray' substituted by `gray' on input line 1372.
Package xcolor Info: Model `wave' substituted by `hsb' on input line 1373.
) (c:\miktex\tex/latex/amsmath\amsmath.sty
Package: amsmath 2023/05/13 v2.17o AMS math features
\@mathmargin=\skip51

For additional information on amsmath, use the `?' option.
(c:\miktex\tex/latex/amsmath\amstext.sty
Package: amstext 2021/08/26 v2.01 AMS text
 (c:\miktex\tex/latex/amsmath\amsgen.sty
File: amsgen.sty 1999/11/30 v2.0 generic functions
\@emptytoks=\toks19
\ex@=\dimen151
)) (c:\miktex\tex/latex/amsmath\amsbsy.sty
Package: amsbsy 1999/11/29 v1.2d Bold Symbols
\pmbraise@=\dimen152
) (c:\miktex\tex/latex/amsmath\amsopn.sty
Package: amsopn 2022/04/08 v2.04 operator names
)
\inf@bad=\count281
LaTeX Info: Redefining \frac on input line 234.
\uproot@=\count282
\leftroot@=\count283
LaTeX Info: Redefining \overline on input line 399.
LaTeX Info: Redefining \colon on input line 410.
\classnum@=\count284
\DOTSCASE@=\count285
LaTeX Info: Redefining \ldots on input line 496.
LaTeX Info: Redefining \dots on input line 499.
LaTeX Info: Redefining \cdots on input line 620.
\Mathstrutbox@=\box53
\strutbox@=\box54
LaTeX Info: Redefining \big on input line 722.
LaTeX Info: Redefining \Big on input line 723.
LaTeX Info: Redefining \bigg on input line 724.
LaTeX Info: Redefining \Bigg on input line 725.
\big@size=\dimen153
LaTeX Font Info:    Redeclaring font encoding OML on input line 743.
LaTeX Font Info:    Redeclaring font encoding OMS on input line 744.
\macc@depth=\count286
LaTeX Info: Redefining \bmod on input line 905.
LaTeX Info: Redefining \pmod on input line 910.
LaTeX Info: Redefining \smash on input line 940.
LaTeX Info: Redefining \relbar on input line 970.
LaTeX Info: Redefining \Relbar on input line 971.
\c@MaxMatrixCols=\count287
\dotsspace@=\muskip17
\c@parentequation=\count288
\dspbrk@lvl=\count289
\tag@help=\toks20
\row@=\count290
\column@=\count291
\maxfields@=\count292
\andhelp@=\toks21
\eqnshift@=\dimen154
\alignsep@=\dimen155
\tagshift@=\dimen156
\tagwidth@=\dimen157
\totwidth@=\dimen158
\lineht@=\dimen159
\@envbody=\toks22
\multlinegap=\skip52
\multlinetaggap=\skip53
\mathdisplay@stack=\toks23
LaTeX Info: Redefining \[ on input line 2953.
LaTeX Info: Redefining \] on input line 2954.
)
Package hyperref Info: Option `colorlinks' set `true' on input line 19.
 (c:\miktex\tex/latex/l3backend\l3backend-pdftex.def
File: l3backend-pdftex.def 2024-01-04 L3 backend support: PDF output (pdfTeX)
\l__color_backend_stack_int=\count293
\l__pdf_internal_box=\box55
) (synthetic.aux)
\openout1 = `synthetic.aux'.

LaTeX Font Info:    Checking defaults for OML/cmm/m/it on input line 45.
LaTeX Font Info:    ... okay on input line 45.
LaTeX Font Info:    Checking defaults for OMS/cmsy/m/n on input line 45.
LaTeX Font Info:    ... okay on input line 45.
LaTeX Font Info:    Checking defaults for OT1/cmr/m/n on input line 45.
LaTeX Font Info:    ... okay on input line 45.
LaTeX Font Info:    Checking defaults for T1/cmr/m/n on input line 45.
LaTeX Font Info:    ... okay on input line 45.
LaTeX Font Info:    Checking defaults for TS1/cmr/m/n on input line 45.
LaTeX Font Info:    ... okay on input line 45.
LaTeX Font Info:    Checking defaults for OMX/cmex/m/n on input line 45.
LaTeX Font Info:    ... okay on input line 45.
LaTeX Font Info:    Checking defaults for U/cmr/m/n on input line 45.
LaTeX Font Info:    ... okay on input line 45.
LaTeX Font Info:    Checking defaults for PD1/pdf/m/n on input line 45.
LaTeX Font Info:    ... okay on input line 45.
LaTeX Font Info:    Checking defaults for PU/pdf/m/n on input line 45.
LaTeX Font Info:    ... okay on input line 45.
\c@lstlisting=\count294
 (c:\miktex\tex/context/base/mkii\supp-pdf.mkii
[Loading MPS to PDF converter (version 2006.09.02).]
\scratchcounter=\count295
\scratchdimen=\dimen160
\scratchbox=\box56
\nofMPsegments=\count296
\nofMParguments=\count297
\everyMPshowfont=\toks24
\MPscratchCnt=\count298
\MPscratchDim=\dimen161
\MPnumerator=\count299
\makeMPintoPDFobject=\count300
\everyMPtoPDFconversion=\toks25
) (c:\miktex\tex/latex/epstopdf-pkg\epstopdf-base.sty
Package: epstopdf-base 2020-01-24 v2.11 Base part for package epstopdf
 (c:\miktex\tex/latex/grfext\grfext.sty
Package: grfext 2019/12/03 v1.3 Manage graphics extensions (HO)
)
Package epstopdf-base Info: Redefining graphics rule for `.eps' on input line 485.
Package grfext Info: Graphics extension search list:
(grfext)             [.pdf,.png,.jpg,.mps,.jpeg,.jbig2,.jb2,.PDF,.PNG,.JPG,.JPEG,.JBIG2,.JB2,.eps]
(grfext)             \AppendGraphicsExtensions on input line 504.
 (c:\miktex\tex/latex/00miktex\epstopdf-sys.cfg
File: epstopdf-sys.cfg 2021/03/18 v2.0 Configuration of epstopdf for MiKTeX
))
Package hyperref Info: Link coloring ON on input line 45.
 (synthetic.out) (synthetic.out)
\@outlinefile=\write3
\openout3 = `synthetic.out'.

 (synthetic.toc [1

{C:/Users/david.berthiaume/AppData/Local/MiKTeX/fonts/map/pdftex/pdftex.map}])
\tf@toc=\write4
\openout4 = `synthetic.toc'.

 (c:\miktex\tex/latex/listings\lstlang1.sty
File: lstlang1.sty 2023/02/27 1.9 listings language file
) (c:\miktex\tex/latex/listings\lstlang1.sty
File: lstlang1.sty 2023/02/27 1.9 listings language file
)

LaTeX Warning: No positions in optional float specifier.
               Default added (so using `tbp') on input line 72.

<plots/child_0.png, id=141, 1361.5668pt x 794.97pt>
File: plots/child_0.png Graphic file (type png)
<use plots/child_0.png>
Package pdftex.def Info: plots/child_0.png  used on input line 74.
(pdftex.def)             Requested size: 345.0pt x 201.42279pt.
[2] [3 <./plots/child_0.png>] [4] [5]
<plots/child_000000_rgb_060.png, id=183, 513.92pt x 513.92pt>
File: plots/child_000000_rgb_060.png Graphic file (type png)
<use plots/child_000000_rgb_060.png>
Package pdftex.def Info: plots/child_000000_rgb_060.png  used on input line 170.
(pdftex.def)             Requested size: 105.27585pt x 105.2751pt.
<plots/child_000000_rgb_090.png, id=184, 513.92pt x 513.92pt>
File: plots/child_000000_rgb_090.png Graphic file (type png)
<use plots/child_000000_rgb_090.png>
Package pdftex.def Info: plots/child_000000_rgb_090.png  used on input line 171.
(pdftex.def)             Requested size: 105.27585pt x 105.2751pt.
<plots/child_000000_rgb_120.png, id=185, 513.92pt x 513.92pt>
File: plots/child_000000_rgb_120.png Graphic file (type png)
<use plots/child_000000_rgb_120.png>
Package pdftex.def Info: plots/child_000000_rgb_120.png  used on input line 172.
(pdftex.def)             Requested size: 105.27585pt x 105.2751pt.
<plots/child_000000_rgb_030a.png, id=187, 513.92pt x 513.92pt>
File: plots/child_000000_rgb_030a.png Graphic file (type png)
<use plots/child_000000_rgb_030a.png>
Package pdftex.def Info: plots/child_000000_rgb_030a.png  used on input line 187.
(pdftex.def)             Requested size: 105.27585pt x 105.2751pt.
<plots/child_000000_rgb_090a.png, id=188, 513.92pt x 513.92pt>
File: plots/child_000000_rgb_090a.png Graphic file (type png)
<use plots/child_000000_rgb_090a.png>
Package pdftex.def Info: plots/child_000000_rgb_090a.png  used on input line 188.
(pdftex.def)             Requested size: 105.27585pt x 105.2751pt.
<plots/child_000000_rgb_150a.png, id=189, 513.92pt x 513.92pt>
File: plots/child_000000_rgb_150a.png Graphic file (type png)
<use plots/child_000000_rgb_150a.png>
Package pdftex.def Info: plots/child_000000_rgb_150a.png  used on input line 189.
(pdftex.def)             Requested size: 105.27585pt x 105.2751pt.
<plots/child_000000_rgb_030d.png, id=190, 513.92pt x 513.92pt>
File: plots/child_000000_rgb_030d.png Graphic file (type png)
<use plots/child_000000_rgb_030d.png>
Package pdftex.def Info: plots/child_000000_rgb_030d.png  used on input line 198.
(pdftex.def)             Requested size: 105.27585pt x 105.2751pt.
<plots/child_000000_rgb_090d.png, id=191, 513.92pt x 513.92pt>
File: plots/child_000000_rgb_090d.png Graphic file (type png)
<use plots/child_000000_rgb_090d.png>
Package pdftex.def Info: plots/child_000000_rgb_090d.png  used on input line 199.
(pdftex.def)             Requested size: 105.27585pt x 105.2751pt.
<plots/child_000000_rgb_150d.png, id=192, 513.92pt x 513.92pt>
File: plots/child_000000_rgb_150d.png Graphic file (type png)
<use plots/child_000000_rgb_150d.png>
Package pdftex.def Info: plots/child_000000_rgb_150d.png  used on input line 200.
(pdftex.def)             Requested size: 105.27585pt x 105.2751pt.
 [6 <./plots/child_000000_rgb_060.png (PNG copy)> <./plots/child_000000_rgb_090.png (PNG copy)> <./plots/child_000000_rgb_120.png (PNG copy)>] [7 <./plots/child_000000_rgb_030a.png (PNG copy)> <./plots/child_000000_rgb_090a.png (PNG copy)> <./plots/child_000000_rgb_150a.png (PNG copy)> <./plots/child_000000_rgb_030d.png (PNG copy)> <./plots/child_000000_rgb_090d.png (PNG copy)> <./plots/child_000000_rgb_150d.png (PNG copy)>]
<plots/hand.png, id=215, 566.115pt x 843.15pt>
File: plots/hand.png Graphic file (type png)
<use plots/hand.png>
Package pdftex.def Info: plots/hand.png  used on input line 238.
(pdftex.def)             Requested size: 49.6697pt x 73.97733pt.
<plots/back.png, id=216, 225.84375pt x 279.29344pt>
File: plots/back.png Graphic file (type png)
<use plots/back.png>
Package pdftex.def Info: plots/back.png  used on input line 239.
(pdftex.def)             Requested size: 59.81729pt x 73.97733pt.
<plots/foot.png, id=217, 120.0736pt x 166.74797pt>
File: plots/foot.png Graphic file (type png)
<use plots/foot.png>
Package pdftex.def Info: plots/foot.png  used on input line 240.
(pdftex.def)             Requested size: 53.27042pt x 73.97733pt.
 [8 <./plots/hand.png> <./plots/back.png> <./plots/foot.png>]

LaTeX Warning: No positions in optional float specifier.
               Default added (so using `tbp') on input line 256.

<plots/mesh.png, id=231, 2419.0375pt x 1343.0175pt>
File: plots/mesh.png Graphic file (type png)
<use plots/mesh.png>
Package pdftex.def Info: plots/mesh.png  used on input line 258.
(pdftex.def)             Requested size: 137.9979pt x 76.60197pt.
[9 <./plots/mesh.png>]
<plots/face.png, id=243, 115.18031pt x 120.45pt>
File: plots/face.png Graphic file (type png)
<use plots/face.png>
Package pdftex.def Info: plots/face.png  used on input line 286.
(pdftex.def)             Requested size: 54.41594pt x 56.9055pt.
<plots/face4.png, id=244, 113.29828pt x 122.33203pt>
File: plots/face4.png Graphic file (type png)
<use plots/face4.png>
Package pdftex.def Info: plots/face4.png  used on input line 287.
(pdftex.def)             Requested size: 52.70389pt x 56.9055pt.
<plots/face2.png, id=245, 124.96687pt x 130.98938pt>
File: plots/face2.png Graphic file (type png)
<use plots/face2.png>
Package pdftex.def Info: plots/face2.png  used on input line 288.
(pdftex.def)             Requested size: 54.28769pt x 56.9055pt.
<plots/face3.png, id=246, 149.43329pt x 127.60172pt>
File: plots/face3.png Graphic file (type png)
<use plots/face3.png>
Package pdftex.def Info: plots/face3.png  used on input line 289.
(pdftex.def)             Requested size: 66.64238pt x 56.9055pt.
 [10 <./plots/face.png> <./plots/face4.png> <./plots/face2.png> <./plots/face3.png>]
<plots/light0.png, id=260, 513.92pt x 513.92pt>
File: plots/light0.png Graphic file (type png)
<use plots/light0.png>
Package pdftex.def Info: plots/light0.png  used on input line 299.
(pdftex.def)             Requested size: 56.89993pt x 56.9055pt.
<plots/light2.png, id=261, 513.92pt x 513.92pt>
File: plots/light2.png Graphic file (type png)
<use plots/light2.png>
Package pdftex.def Info: plots/light2.png  used on input line 300.
(pdftex.def)             Requested size: 56.89993pt x 56.9055pt.
<plots/light3.png, id=262, 513.92pt x 513.92pt>
File: plots/light3.png Graphic file (type png)
<use plots/light3.png>
Package pdftex.def Info: plots/light3.png  used on input line 301.
(pdftex.def)             Requested size: 56.89993pt x 56.9055pt.
<plots/light4.png, id=263, 513.92pt x 513.92pt>
File: plots/light4.png Graphic file (type png)
<use plots/light4.png>
Package pdftex.def Info: plots/light4.png  used on input line 302.
(pdftex.def)             Requested size: 56.89993pt x 56.9055pt.
<plots/light5.png, id=264, 513.92pt x 513.92pt>
File: plots/light5.png Graphic file (type png)
<use plots/light5.png>
Package pdftex.def Info: plots/light5.png  used on input line 303.
(pdftex.def)             Requested size: 56.89993pt x 56.9055pt.
<plots/noise0.png, id=266, 513.92pt x 513.92pt>
File: plots/noise0.png Graphic file (type png)
<use plots/noise0.png>
Package pdftex.def Info: plots/noise0.png  used on input line 314.
(pdftex.def)             Requested size: 56.89993pt x 56.9055pt.
<plots/noise1.png, id=267, 513.92pt x 513.92pt>
File: plots/noise1.png Graphic file (type png)
<use plots/noise1.png>
Package pdftex.def Info: plots/noise1.png  used on input line 315.
(pdftex.def)             Requested size: 56.89993pt x 56.9055pt.
<plots/noise2.png, id=268, 192.72pt x 192.72pt>
File: plots/noise2.png Graphic file (type png)
<use plots/noise2.png>
Package pdftex.def Info: plots/noise2.png  used on input line 316.
(pdftex.def)             Requested size: 56.90483pt x 56.9055pt.
<plots/noise4.png, id=269, 192.72pt x 192.72pt>
File: plots/noise4.png Graphic file (type png)
<use plots/noise4.png>
Package pdftex.def Info: plots/noise4.png  used on input line 317.
(pdftex.def)             Requested size: 56.90483pt x 56.9055pt.
 [11 <./plots/light0.png (PNG copy)> <./plots/light2.png (PNG copy)> <./plots/light3.png (PNG copy)> <./plots/light4.png (PNG copy)> <./plots/light5.png (PNG copy)> <./plots/noise0.png (PNG copy)> <./plots/noise1.png (PNG copy)> <./plots/noise2.png> <./plots/noise4.png>]
Package hyperref Info: bookmark level for unknown lstlisting defaults to 0 on input line 327.


LaTeX Warning: No positions in optional float specifier.
               Default added (so using `tbp') on input line 361.

<plots/kpoint.png, id=279, 1445.4pt x 794.97pt>
File: plots/kpoint.png Graphic file (type png)
<use plots/kpoint.png>
Package pdftex.def Info: plots/kpoint.png  used on input line 363.
(pdftex.def)             Requested size: 345.0pt x 189.74136pt.
[12]

LaTeX Warning: No positions in optional float specifier.
               Default added (so using `tbp') on input line 371.

<plots/variety.png, id=316, 843.15pt x 505.89pt>
File: plots/variety.png Graphic file (type png)
<use plots/variety.png>
Package pdftex.def Info: plots/variety.png  used on input line 373.
(pdftex.def)             Requested size: 345.0pt x 206.99939pt.

Overfull \hbox (37.7378pt too wide) in paragraph at lines 392--465
 [][] 
 []


LaTeX Warning: Float too large for page by 12.14442pt on input line 467.


LaTeX Warning: `h' float specifier changed to `ht'.


LaTeX Warning: `h' float specifier changed to `ht'.


LaTeX Warning: `h' float specifier changed to `ht'.


LaTeX Warning: `h' float specifier changed to `ht'.

(synthetic.bbl [13 <./plots/kpoint.png>]
Underfull \hbox (badness 1377) in paragraph at lines 16--19
[]\OT1/cmr/m/n/10 et al. Ope-nAI.  Learn-ing dex-ter-ous in-hand ma-nip-u-la-tion.  \OT1/cmr/m/it/10 ArXiv\OT1/cmr/m/n/10 ,
 []


Underfull \hbox (badness 1783) in paragraph at lines 27--32
[]\OT1/cmr/m/n/10 Open Game Tex-tures.  100 seam-less tex-tures.  OpenGameArt.org,
 []

) [14 <./plots/variety.png>] [15] [16] (synthetic.aux)
 ***********
LaTeX2e <2023-11-01> patch level 1
L3 programming layer <2024-01-04>
 ***********
Package rerunfilecheck Info: File `synthetic.out' has not changed.
(rerunfilecheck)             Checksum: 4DE667FDB848FC61CFB275933F7D6A09;2823.
 ) 
Here is how much of TeX's memory you used:
 11748 strings out of 474486
 176226 string characters out of 5760137
 2034542 words of memory out of 5000000
 33789 multiletter control sequences out of 15000+600000
 564947 words of font info for 61 fonts, out of 8000000 for 9000
 1141 hyphenation exceptions out of 8191
 75i,9n,79p,1173b,1250s stack positions out of 10000i,1000n,20000p,200000b,200000s
 <C:\Users\david.berthiaume\AppData\Local\MiKTeX\fonts/pk/ljfour/jknappen/ec/dpi600\tcrm1000.pk><c:/miktex/fonts/type1/public/amsfonts/cm/cmbx10.pfb><c:/miktex/fonts/type1/public/amsfonts/cm/cmbx12.pfb><c:/miktex/fonts/type1/public/amsfonts/cm/cmbx7.pfb><c:/miktex/fonts/type1/public/amsfonts/cm/cmex10.pfb><c:/miktex/fonts/type1/public/amsfonts/cm/cmmi10.pfb><c:/miktex/fonts/type1/public/amsfonts/cm/cmmi7.pfb><c:/miktex/fonts/type1/public/amsfonts/cm/cmr10.pfb><c:/miktex/fonts/type1/public/amsfonts/cm/cmr12.pfb><c:/miktex/fonts/type1/public/amsfonts/cm/cmr17.pfb><c:/miktex/fonts/type1/public/amsfonts/cm/cmr5.pfb><c:/miktex/fonts/type1/public/amsfonts/cm/cmr7.pfb><c:/miktex/fonts/type1/public/amsfonts/cm/cmsy10.pfb><c:/miktex/fonts/type1/public/amsfonts/cm/cmti10.pfb><c:/miktex/fonts/type1/public/amsfonts/cm/cmtt10.pfb><c:/miktex/fonts/type1/public/amsfonts/cm/cmtt8.pfb>
Output written on synthetic.pdf (16 pages, 33124446 bytes).
PDF statistics:
 446 PDF objects out of 1000 (max. 8388607)
 117 named destinations out of 1000 (max. 500000)
 346 words of extra memory for PDF output out of 10000 (max. 10000000)

